<?xml version="1.0" encoding="UTF-8"?>
<!-- Generated by org.testng.reporters.JUnitReportReporter -->
<testsuite hostname="GURL5CG0240ZK6" failures="0" tests="2" name="DRYRUNFORMAVEN1.NewMavenProject.class2Test" time="0.006" errors="0" timestamp="12 May 2022 11:09:10 GMT" skipped="0">
  <testcase classname="DRYRUNFORMAVEN1.NewMavenProject.class2Test" name="Test3" time="0.006"/>
  <testcase classname="DRYRUNFORMAVEN1.NewMavenProject.class2Test" name="Test4" time="0.000"/>
</testsuite> <!-- DRYRUNFORMAVEN1.NewMavenProject.class2Test -->
